<?xml version="1.0" encoding="UTF-8"?>
<testsuite xmlns:xsi="http://www.w3.org/2001/XMLSchema-instance" xsi:noNamespaceSchemaLocation="https://maven.apache.org/surefire/maven-surefire-plugin/xsd/surefire-test-report-3.0.xsd" version="3.0" name="com.tecomerce.mic.authorizationserver.MicAuthorizationserverApplicationTests" time="2.454" tests="1" errors="0" skipped="0" failures="0">
  <properties>
    <property name="java.specification.version" value="17"/>
    <property name="sun.jnu.encoding" value="UTF-8"/>
    <property name="java.class.path" value="/home/jfinol02/Documentos/tecomerce/mic-authorizationserver/target/test-classes:/home/jfinol02/Documentos/tecomerce/mic-authorizationserver/target/classes:/home/jfinol02/.m2/repository/org/springframework/boot/spring-boot-starter-oauth2-authorization-server/3.2.5/spring-boot-starter-oauth2-authorization-server-3.2.5.jar:/home/jfinol02/.m2/repository/org/springframework/security/spring-security-oauth2-authorization-server/1.2.4/spring-security-oauth2-authorization-server-1.2.4.jar:/home/jfinol02/.m2/repository/org/springframework/security/spring-security-oauth2-core/6.2.4/spring-security-oauth2-core-6.2.4.jar:/home/jfinol02/.m2/repository/org/springframework/security/spring-security-oauth2-jose/6.2.4/spring-security-oauth2-jose-6.2.4.jar:/home/jfinol02/.m2/repository/org/springframework/security/spring-security-oauth2-resource-server/6.2.4/spring-security-oauth2-resource-server-6.2.4.jar:/home/jfinol02/.m2/repository/com/nimbusds/nimbus-jose-jwt/9.37.3/nimbus-jose-jwt-9.37.3.jar:/home/jfinol02/.m2/repository/com/github/stephenc/jcip/jcip-annotations/1.0-1/jcip-annotations-1.0-1.jar:/home/jfinol02/.m2/repository/com/fasterxml/jackson/core/jackson-databind/2.15.4/jackson-databind-2.15.4.jar:/home/jfinol02/.m2/repository/com/fasterxml/jackson/core/jackson-annotations/2.15.4/jackson-annotations-2.15.4.jar:/home/jfinol02/.m2/repository/com/fasterxml/jackson/core/jackson-core/2.15.4/jackson-core-2.15.4.jar:/home/jfinol02/.m2/repository/org/springframework/boot/spring-boot-starter-security/3.2.5/spring-boot-starter-security-3.2.5.jar:/home/jfinol02/.m2/repository/org/springframework/boot/spring-boot-starter/3.2.5/spring-boot-starter-3.2.5.jar:/home/jfinol02/.m2/repository/org/springframework/boot/spring-boot/3.2.5/spring-boot-3.2.5.jar:/home/jfinol02/.m2/repository/org/springframework/boot/spring-boot-autoconfigure/3.2.5/spring-boot-autoconfigure-3.2.5.jar:/home/jfinol02/.m2/repository/org/springframework/boot/spring-boot-starter-logging/3.2.5/spring-boot-starter-logging-3.2.5.jar:/home/jfinol02/.m2/repository/ch/qos/logback/logback-classic/1.4.14/logback-classic-1.4.14.jar:/home/jfinol02/.m2/repository/ch/qos/logback/logback-core/1.4.14/logback-core-1.4.14.jar:/home/jfinol02/.m2/repository/org/apache/logging/log4j/log4j-to-slf4j/2.21.1/log4j-to-slf4j-2.21.1.jar:/home/jfinol02/.m2/repository/org/apache/logging/log4j/log4j-api/2.21.1/log4j-api-2.21.1.jar:/home/jfinol02/.m2/repository/org/slf4j/jul-to-slf4j/2.0.13/jul-to-slf4j-2.0.13.jar:/home/jfinol02/.m2/repository/jakarta/annotation/jakarta.annotation-api/2.1.1/jakarta.annotation-api-2.1.1.jar:/home/jfinol02/.m2/repository/org/yaml/snakeyaml/2.2/snakeyaml-2.2.jar:/home/jfinol02/.m2/repository/org/springframework/spring-aop/6.1.6/spring-aop-6.1.6.jar:/home/jfinol02/.m2/repository/org/springframework/spring-beans/6.1.6/spring-beans-6.1.6.jar:/home/jfinol02/.m2/repository/org/springframework/security/spring-security-config/6.2.4/spring-security-config-6.2.4.jar:/home/jfinol02/.m2/repository/org/springframework/spring-context/6.1.6/spring-context-6.1.6.jar:/home/jfinol02/.m2/repository/org/springframework/security/spring-security-web/6.2.4/spring-security-web-6.2.4.jar:/home/jfinol02/.m2/repository/org/springframework/spring-expression/6.1.6/spring-expression-6.1.6.jar:/home/jfinol02/.m2/repository/org/springframework/boot/spring-boot-starter-web/3.2.5/spring-boot-starter-web-3.2.5.jar:/home/jfinol02/.m2/repository/org/springframework/boot/spring-boot-starter-json/3.2.5/spring-boot-starter-json-3.2.5.jar:/home/jfinol02/.m2/repository/com/fasterxml/jackson/datatype/jackson-datatype-jdk8/2.15.4/jackson-datatype-jdk8-2.15.4.jar:/home/jfinol02/.m2/repository/com/fasterxml/jackson/datatype/jackson-datatype-jsr310/2.15.4/jackson-datatype-jsr310-2.15.4.jar:/home/jfinol02/.m2/repository/com/fasterxml/jackson/module/jackson-module-parameter-names/2.15.4/jackson-module-parameter-names-2.15.4.jar:/home/jfinol02/.m2/repository/org/springframework/boot/spring-boot-starter-tomcat/3.2.5/spring-boot-starter-tomcat-3.2.5.jar:/home/jfinol02/.m2/repository/org/apache/tomcat/embed/tomcat-embed-core/10.1.20/tomcat-embed-core-10.1.20.jar:/home/jfinol02/.m2/repository/org/apache/tomcat/embed/tomcat-embed-el/10.1.20/tomcat-embed-el-10.1.20.jar:/home/jfinol02/.m2/repository/org/apache/tomcat/embed/tomcat-embed-websocket/10.1.20/tomcat-embed-websocket-10.1.20.jar:/home/jfinol02/.m2/repository/org/springframework/spring-web/6.1.6/spring-web-6.1.6.jar:/home/jfinol02/.m2/repository/io/micrometer/micrometer-observation/1.12.5/micrometer-observation-1.12.5.jar:/home/jfinol02/.m2/repository/io/micrometer/micrometer-commons/1.12.5/micrometer-commons-1.12.5.jar:/home/jfinol02/.m2/repository/org/springframework/spring-webmvc/6.1.6/spring-webmvc-6.1.6.jar:/home/jfinol02/.m2/repository/org/projectlombok/lombok/1.18.32/lombok-1.18.32.jar:/home/jfinol02/.m2/repository/org/springframework/boot/spring-boot-starter-test/3.2.5/spring-boot-starter-test-3.2.5.jar:/home/jfinol02/.m2/repository/org/springframework/boot/spring-boot-test/3.2.5/spring-boot-test-3.2.5.jar:/home/jfinol02/.m2/repository/org/springframework/boot/spring-boot-test-autoconfigure/3.2.5/spring-boot-test-autoconfigure-3.2.5.jar:/home/jfinol02/.m2/repository/com/jayway/jsonpath/json-path/2.9.0/json-path-2.9.0.jar:/home/jfinol02/.m2/repository/org/slf4j/slf4j-api/2.0.13/slf4j-api-2.0.13.jar:/home/jfinol02/.m2/repository/jakarta/xml/bind/jakarta.xml.bind-api/4.0.2/jakarta.xml.bind-api-4.0.2.jar:/home/jfinol02/.m2/repository/jakarta/activation/jakarta.activation-api/2.1.3/jakarta.activation-api-2.1.3.jar:/home/jfinol02/.m2/repository/net/minidev/json-smart/2.5.1/json-smart-2.5.1.jar:/home/jfinol02/.m2/repository/net/minidev/accessors-smart/2.5.1/accessors-smart-2.5.1.jar:/home/jfinol02/.m2/repository/org/ow2/asm/asm/9.6/asm-9.6.jar:/home/jfinol02/.m2/repository/org/assertj/assertj-core/3.24.2/assertj-core-3.24.2.jar:/home/jfinol02/.m2/repository/net/bytebuddy/byte-buddy/1.14.13/byte-buddy-1.14.13.jar:/home/jfinol02/.m2/repository/org/awaitility/awaitility/4.2.1/awaitility-4.2.1.jar:/home/jfinol02/.m2/repository/org/hamcrest/hamcrest/2.2/hamcrest-2.2.jar:/home/jfinol02/.m2/repository/org/junit/jupiter/junit-jupiter/5.10.2/junit-jupiter-5.10.2.jar:/home/jfinol02/.m2/repository/org/junit/jupiter/junit-jupiter-api/5.10.2/junit-jupiter-api-5.10.2.jar:/home/jfinol02/.m2/repository/org/opentest4j/opentest4j/1.3.0/opentest4j-1.3.0.jar:/home/jfinol02/.m2/repository/org/junit/platform/junit-platform-commons/1.10.2/junit-platform-commons-1.10.2.jar:/home/jfinol02/.m2/repository/org/apiguardian/apiguardian-api/1.1.2/apiguardian-api-1.1.2.jar:/home/jfinol02/.m2/repository/org/junit/jupiter/junit-jupiter-params/5.10.2/junit-jupiter-params-5.10.2.jar:/home/jfinol02/.m2/repository/org/junit/jupiter/junit-jupiter-engine/5.10.2/junit-jupiter-engine-5.10.2.jar:/home/jfinol02/.m2/repository/org/junit/platform/junit-platform-engine/1.10.2/junit-platform-engine-1.10.2.jar:/home/jfinol02/.m2/repository/org/mockito/mockito-core/5.7.0/mockito-core-5.7.0.jar:/home/jfinol02/.m2/repository/net/bytebuddy/byte-buddy-agent/1.14.13/byte-buddy-agent-1.14.13.jar:/home/jfinol02/.m2/repository/org/objenesis/objenesis/3.3/objenesis-3.3.jar:/home/jfinol02/.m2/repository/org/mockito/mockito-junit-jupiter/5.7.0/mockito-junit-jupiter-5.7.0.jar:/home/jfinol02/.m2/repository/org/skyscreamer/jsonassert/1.5.1/jsonassert-1.5.1.jar:/home/jfinol02/.m2/repository/com/vaadin/external/google/android-json/0.0.20131108.vaadin1/android-json-0.0.20131108.vaadin1.jar:/home/jfinol02/.m2/repository/org/springframework/spring-core/6.1.6/spring-core-6.1.6.jar:/home/jfinol02/.m2/repository/org/springframework/spring-jcl/6.1.6/spring-jcl-6.1.6.jar:/home/jfinol02/.m2/repository/org/springframework/spring-test/6.1.6/spring-test-6.1.6.jar:/home/jfinol02/.m2/repository/org/xmlunit/xmlunit-core/2.9.1/xmlunit-core-2.9.1.jar:/home/jfinol02/.m2/repository/org/springframework/security/spring-security-test/6.2.4/spring-security-test-6.2.4.jar:/home/jfinol02/.m2/repository/org/springframework/security/spring-security-core/6.2.4/spring-security-core-6.2.4.jar:/home/jfinol02/.m2/repository/org/springframework/security/spring-security-crypto/6.2.4/spring-security-crypto-6.2.4.jar:"/>
    <property name="java.vm.vendor" value="Private Build"/>
    <property name="sun.arch.data.model" value="64"/>
    <property name="java.vendor.url" value="Unknown"/>
    <property name="user.timezone" value="Europe/Madrid"/>
    <property name="os.name" value="Linux"/>
    <property name="java.vm.specification.version" value="17"/>
    <property name="sun.java.launcher" value="SUN_STANDARD"/>
    <property name="user.country" value="ES"/>
    <property name="sun.boot.library.path" value="/usr/lib/jvm/java-17-openjdk-amd64/lib"/>
    <property name="sun.java.command" value="/home/jfinol02/Documentos/tecomerce/mic-authorizationserver/target/surefire/surefirebooter-20240504205353305_3.jar /home/jfinol02/Documentos/tecomerce/mic-authorizationserver/target/surefire 2024-05-04T20-53-53_240-jvmRun1 surefire-20240504205353305_1tmp surefire_0-20240504205353305_2tmp"/>
    <property name="jdk.debug" value="release"/>
    <property name="surefire.test.class.path" value="/home/jfinol02/Documentos/tecomerce/mic-authorizationserver/target/test-classes:/home/jfinol02/Documentos/tecomerce/mic-authorizationserver/target/classes:/home/jfinol02/.m2/repository/org/springframework/boot/spring-boot-starter-oauth2-authorization-server/3.2.5/spring-boot-starter-oauth2-authorization-server-3.2.5.jar:/home/jfinol02/.m2/repository/org/springframework/security/spring-security-oauth2-authorization-server/1.2.4/spring-security-oauth2-authorization-server-1.2.4.jar:/home/jfinol02/.m2/repository/org/springframework/security/spring-security-oauth2-core/6.2.4/spring-security-oauth2-core-6.2.4.jar:/home/jfinol02/.m2/repository/org/springframework/security/spring-security-oauth2-jose/6.2.4/spring-security-oauth2-jose-6.2.4.jar:/home/jfinol02/.m2/repository/org/springframework/security/spring-security-oauth2-resource-server/6.2.4/spring-security-oauth2-resource-server-6.2.4.jar:/home/jfinol02/.m2/repository/com/nimbusds/nimbus-jose-jwt/9.37.3/nimbus-jose-jwt-9.37.3.jar:/home/jfinol02/.m2/repository/com/github/stephenc/jcip/jcip-annotations/1.0-1/jcip-annotations-1.0-1.jar:/home/jfinol02/.m2/repository/com/fasterxml/jackson/core/jackson-databind/2.15.4/jackson-databind-2.15.4.jar:/home/jfinol02/.m2/repository/com/fasterxml/jackson/core/jackson-annotations/2.15.4/jackson-annotations-2.15.4.jar:/home/jfinol02/.m2/repository/com/fasterxml/jackson/core/jackson-core/2.15.4/jackson-core-2.15.4.jar:/home/jfinol02/.m2/repository/org/springframework/boot/spring-boot-starter-security/3.2.5/spring-boot-starter-security-3.2.5.jar:/home/jfinol02/.m2/repository/org/springframework/boot/spring-boot-starter/3.2.5/spring-boot-starter-3.2.5.jar:/home/jfinol02/.m2/repository/org/springframework/boot/spring-boot/3.2.5/spring-boot-3.2.5.jar:/home/jfinol02/.m2/repository/org/springframework/boot/spring-boot-autoconfigure/3.2.5/spring-boot-autoconfigure-3.2.5.jar:/home/jfinol02/.m2/repository/org/springframework/boot/spring-boot-starter-logging/3.2.5/spring-boot-starter-logging-3.2.5.jar:/home/jfinol02/.m2/repository/ch/qos/logback/logback-classic/1.4.14/logback-classic-1.4.14.jar:/home/jfinol02/.m2/repository/ch/qos/logback/logback-core/1.4.14/logback-core-1.4.14.jar:/home/jfinol02/.m2/repository/org/apache/logging/log4j/log4j-to-slf4j/2.21.1/log4j-to-slf4j-2.21.1.jar:/home/jfinol02/.m2/repository/org/apache/logging/log4j/log4j-api/2.21.1/log4j-api-2.21.1.jar:/home/jfinol02/.m2/repository/org/slf4j/jul-to-slf4j/2.0.13/jul-to-slf4j-2.0.13.jar:/home/jfinol02/.m2/repository/jakarta/annotation/jakarta.annotation-api/2.1.1/jakarta.annotation-api-2.1.1.jar:/home/jfinol02/.m2/repository/org/yaml/snakeyaml/2.2/snakeyaml-2.2.jar:/home/jfinol02/.m2/repository/org/springframework/spring-aop/6.1.6/spring-aop-6.1.6.jar:/home/jfinol02/.m2/repository/org/springframework/spring-beans/6.1.6/spring-beans-6.1.6.jar:/home/jfinol02/.m2/repository/org/springframework/security/spring-security-config/6.2.4/spring-security-config-6.2.4.jar:/home/jfinol02/.m2/repository/org/springframework/spring-context/6.1.6/spring-context-6.1.6.jar:/home/jfinol02/.m2/repository/org/springframework/security/spring-security-web/6.2.4/spring-security-web-6.2.4.jar:/home/jfinol02/.m2/repository/org/springframework/spring-expression/6.1.6/spring-expression-6.1.6.jar:/home/jfinol02/.m2/repository/org/springframework/boot/spring-boot-starter-web/3.2.5/spring-boot-starter-web-3.2.5.jar:/home/jfinol02/.m2/repository/org/springframework/boot/spring-boot-starter-json/3.2.5/spring-boot-starter-json-3.2.5.jar:/home/jfinol02/.m2/repository/com/fasterxml/jackson/datatype/jackson-datatype-jdk8/2.15.4/jackson-datatype-jdk8-2.15.4.jar:/home/jfinol02/.m2/repository/com/fasterxml/jackson/datatype/jackson-datatype-jsr310/2.15.4/jackson-datatype-jsr310-2.15.4.jar:/home/jfinol02/.m2/repository/com/fasterxml/jackson/module/jackson-module-parameter-names/2.15.4/jackson-module-parameter-names-2.15.4.jar:/home/jfinol02/.m2/repository/org/springframework/boot/spring-boot-starter-tomcat/3.2.5/spring-boot-starter-tomcat-3.2.5.jar:/home/jfinol02/.m2/repository/org/apache/tomcat/embed/tomcat-embed-core/10.1.20/tomcat-embed-core-10.1.20.jar:/home/jfinol02/.m2/repository/org/apache/tomcat/embed/tomcat-embed-el/10.1.20/tomcat-embed-el-10.1.20.jar:/home/jfinol02/.m2/repository/org/apache/tomcat/embed/tomcat-embed-websocket/10.1.20/tomcat-embed-websocket-10.1.20.jar:/home/jfinol02/.m2/repository/org/springframework/spring-web/6.1.6/spring-web-6.1.6.jar:/home/jfinol02/.m2/repository/io/micrometer/micrometer-observation/1.12.5/micrometer-observation-1.12.5.jar:/home/jfinol02/.m2/repository/io/micrometer/micrometer-commons/1.12.5/micrometer-commons-1.12.5.jar:/home/jfinol02/.m2/repository/org/springframework/spring-webmvc/6.1.6/spring-webmvc-6.1.6.jar:/home/jfinol02/.m2/repository/org/projectlombok/lombok/1.18.32/lombok-1.18.32.jar:/home/jfinol02/.m2/repository/org/springframework/boot/spring-boot-starter-test/3.2.5/spring-boot-starter-test-3.2.5.jar:/home/jfinol02/.m2/repository/org/springframework/boot/spring-boot-test/3.2.5/spring-boot-test-3.2.5.jar:/home/jfinol02/.m2/repository/org/springframework/boot/spring-boot-test-autoconfigure/3.2.5/spring-boot-test-autoconfigure-3.2.5.jar:/home/jfinol02/.m2/repository/com/jayway/jsonpath/json-path/2.9.0/json-path-2.9.0.jar:/home/jfinol02/.m2/repository/org/slf4j/slf4j-api/2.0.13/slf4j-api-2.0.13.jar:/home/jfinol02/.m2/repository/jakarta/xml/bind/jakarta.xml.bind-api/4.0.2/jakarta.xml.bind-api-4.0.2.jar:/home/jfinol02/.m2/repository/jakarta/activation/jakarta.activation-api/2.1.3/jakarta.activation-api-2.1.3.jar:/home/jfinol02/.m2/repository/net/minidev/json-smart/2.5.1/json-smart-2.5.1.jar:/home/jfinol02/.m2/repository/net/minidev/accessors-smart/2.5.1/accessors-smart-2.5.1.jar:/home/jfinol02/.m2/repository/org/ow2/asm/asm/9.6/asm-9.6.jar:/home/jfinol02/.m2/repository/org/assertj/assertj-core/3.24.2/assertj-core-3.24.2.jar:/home/jfinol02/.m2/repository/net/bytebuddy/byte-buddy/1.14.13/byte-buddy-1.14.13.jar:/home/jfinol02/.m2/repository/org/awaitility/awaitility/4.2.1/awaitility-4.2.1.jar:/home/jfinol02/.m2/repository/org/hamcrest/hamcrest/2.2/hamcrest-2.2.jar:/home/jfinol02/.m2/repository/org/junit/jupiter/junit-jupiter/5.10.2/junit-jupiter-5.10.2.jar:/home/jfinol02/.m2/repository/org/junit/jupiter/junit-jupiter-api/5.10.2/junit-jupiter-api-5.10.2.jar:/home/jfinol02/.m2/repository/org/opentest4j/opentest4j/1.3.0/opentest4j-1.3.0.jar:/home/jfinol02/.m2/repository/org/junit/platform/junit-platform-commons/1.10.2/junit-platform-commons-1.10.2.jar:/home/jfinol02/.m2/repository/org/apiguardian/apiguardian-api/1.1.2/apiguardian-api-1.1.2.jar:/home/jfinol02/.m2/repository/org/junit/jupiter/junit-jupiter-params/5.10.2/junit-jupiter-params-5.10.2.jar:/home/jfinol02/.m2/repository/org/junit/jupiter/junit-jupiter-engine/5.10.2/junit-jupiter-engine-5.10.2.jar:/home/jfinol02/.m2/repository/org/junit/platform/junit-platform-engine/1.10.2/junit-platform-engine-1.10.2.jar:/home/jfinol02/.m2/repository/org/mockito/mockito-core/5.7.0/mockito-core-5.7.0.jar:/home/jfinol02/.m2/repository/net/bytebuddy/byte-buddy-agent/1.14.13/byte-buddy-agent-1.14.13.jar:/home/jfinol02/.m2/repository/org/objenesis/objenesis/3.3/objenesis-3.3.jar:/home/jfinol02/.m2/repository/org/mockito/mockito-junit-jupiter/5.7.0/mockito-junit-jupiter-5.7.0.jar:/home/jfinol02/.m2/repository/org/skyscreamer/jsonassert/1.5.1/jsonassert-1.5.1.jar:/home/jfinol02/.m2/repository/com/vaadin/external/google/android-json/0.0.20131108.vaadin1/android-json-0.0.20131108.vaadin1.jar:/home/jfinol02/.m2/repository/org/springframework/spring-core/6.1.6/spring-core-6.1.6.jar:/home/jfinol02/.m2/repository/org/springframework/spring-jcl/6.1.6/spring-jcl-6.1.6.jar:/home/jfinol02/.m2/repository/org/springframework/spring-test/6.1.6/spring-test-6.1.6.jar:/home/jfinol02/.m2/repository/org/xmlunit/xmlunit-core/2.9.1/xmlunit-core-2.9.1.jar:/home/jfinol02/.m2/repository/org/springframework/security/spring-security-test/6.2.4/spring-security-test-6.2.4.jar:/home/jfinol02/.m2/repository/org/springframework/security/spring-security-core/6.2.4/spring-security-core-6.2.4.jar:/home/jfinol02/.m2/repository/org/springframework/security/spring-security-crypto/6.2.4/spring-security-crypto-6.2.4.jar:"/>
    <property name="sun.cpu.endian" value="little"/>
    <property name="user.home" value="/home/jfinol02"/>
    <property name="user.language" value="es"/>
    <property name="java.specification.vendor" value="Oracle Corporation"/>
    <property name="java.version.date" value="2024-01-16"/>
    <property name="java.home" value="/usr/lib/jvm/java-17-openjdk-amd64"/>
    <property name="file.separator" value="/"/>
    <property name="basedir" value="/home/jfinol02/Documentos/tecomerce/mic-authorizationserver"/>
    <property name="java.vm.compressedOopsMode" value="Zero based"/>
    <property name="line.separator" value="&#10;"/>
    <property name="java.specification.name" value="Java Platform API Specification"/>
    <property name="java.vm.specification.vendor" value="Oracle Corporation"/>
    <property name="FILE_LOG_CHARSET" value="UTF-8"/>
    <property name="java.awt.headless" value="true"/>
    <property name="surefire.real.class.path" value="/home/jfinol02/Documentos/tecomerce/mic-authorizationserver/target/surefire/surefirebooter-20240504205353305_3.jar"/>
    <property name="sun.management.compiler" value="HotSpot 64-Bit Tiered Compilers"/>
    <property name="java.runtime.version" value="17.0.10+7-Ubuntu-122.04.1"/>
    <property name="user.name" value="jfinol02"/>
    <property name="path.separator" value=":"/>
    <property name="os.version" value="6.5.0-28-generic"/>
    <property name="java.runtime.name" value="OpenJDK Runtime Environment"/>
    <property name="file.encoding" value="UTF-8"/>
    <property name="java.vm.name" value="OpenJDK 64-Bit Server VM"/>
    <property name="localRepository" value="/home/jfinol02/.m2/repository"/>
    <property name="java.vendor.url.bug" value="Unknown"/>
    <property name="java.io.tmpdir" value="/tmp"/>
    <property name="java.version" value="17.0.10"/>
    <property name="user.dir" value="/home/jfinol02/Documentos/tecomerce/mic-authorizationserver"/>
    <property name="os.arch" value="amd64"/>
    <property name="java.vm.specification.name" value="Java Virtual Machine Specification"/>
    <property name="PID" value="766345"/>
    <property name="CONSOLE_LOG_CHARSET" value="UTF-8"/>
    <property name="native.encoding" value="UTF-8"/>
    <property name="java.library.path" value="/usr/java/packages/lib:/usr/lib/x86_64-linux-gnu/jni:/lib/x86_64-linux-gnu:/usr/lib/x86_64-linux-gnu:/usr/lib/jni:/lib:/usr/lib"/>
    <property name="java.vm.info" value="mixed mode, sharing"/>
    <property name="java.vendor" value="Private Build"/>
    <property name="java.vm.version" value="17.0.10+7-Ubuntu-122.04.1"/>
    <property name="sun.io.unicode.encoding" value="UnicodeLittle"/>
    <property name="java.class.version" value="61.0"/>
    <property name="LOGGED_APPLICATION_NAME" value="[mic-authorizationserver] "/>
  </properties>
  <testcase name="contextLoads" classname="com.tecomerce.mic.authorizationserver.MicAuthorizationserverApplicationTests" time="0.584">
    <system-out><![CDATA[20:53:53.778 [main] INFO org.springframework.test.context.support.AnnotationConfigContextLoaderUtils -- Could not detect default configuration classes for test class [com.tecomerce.mic.authorizationserver.MicAuthorizationserverApplicationTests]: MicAuthorizationserverApplicationTests does not declare any static, non-private, non-final, nested classes annotated with @Configuration.
20:53:53.847 [main] INFO org.springframework.boot.test.context.SpringBootTestContextBootstrapper -- Found @SpringBootConfiguration com.tecomerce.mic.authorizationserver.MicAuthorizationserverApplication for test class com.tecomerce.mic.authorizationserver.MicAuthorizationserverApplicationTests

  .   ____          _            __ _ _
 /\\ / ___'_ __ _ _(_)_ __  __ _ \ \ \ \
( ( )\___ | '_ | '_| | '_ \/ _` | \ \ \ \
 \\/  ___)| |_)| | | | | || (_| |  ) ) ) )
  '  |____| .__|_| |_|_| |_\__, | / / / /
 =========|_|==============|___/=/_/_/_/
 :: Spring Boot ::                (v3.2.5)

2024-05-04T20:53:54.168+02:00  INFO 766345 --- [mic-authorizationserver] [           main] a.MicAuthorizationserverApplicationTests : Starting MicAuthorizationserverApplicationTests using Java 17.0.10 with PID 766345 (started by jfinol02 in /home/jfinol02/Documentos/tecomerce/mic-authorizationserver)
2024-05-04T20:53:54.169+02:00  INFO 766345 --- [mic-authorizationserver] [           main] a.MicAuthorizationserverApplicationTests : No active profile set, falling back to 1 default profile: "default"
2024-05-04T20:53:54.828+02:00 TRACE 766345 --- [mic-authorizationserver] [           main] eGlobalAuthenticationAutowiredConfigurer : Eagerly initializing {authorizationSecurityConfig=com.tecomerce.mic.authorizationserver.config.AuthorizationSecurityConfig$$SpringCGLIB$$0@3af7d855}
2024-05-04T20:53:55.320+02:00  INFO 766345 --- [mic-authorizationserver] [           main] o.s.s.web.DefaultSecurityFilterChain     : Will secure org.springframework.security.oauth2.server.authorization.config.annotation.web.configurers.OAuth2AuthorizationServerConfigurer$$Lambda$932/0x00007a7b603e8460@7e87ef9e with [org.springframework.security.web.session.DisableEncodeUrlFilter@e3b0369, org.springframework.security.web.context.request.async.WebAsyncManagerIntegrationFilter@45843650, org.springframework.security.web.context.SecurityContextHolderFilter@4da1f38a, org.springframework.security.oauth2.server.authorization.config.annotation.web.configurers.AuthorizationServerContextFilter@78307a56, org.springframework.security.web.header.HeaderWriterFilter@53940e2f, org.springframework.web.filter.CorsFilter@72443081, org.springframework.security.web.csrf.CsrfFilter@2291d9a0, org.springframework.security.oauth2.server.authorization.oidc.web.OidcLogoutEndpointFilter@789c3057, org.springframework.security.web.authentication.logout.LogoutFilter@574059d5, org.springframework.security.oauth2.server.authorization.web.OAuth2AuthorizationServerMetadataEndpointFilter@5a90265a, org.springframework.security.oauth2.server.authorization.web.OAuth2AuthorizationEndpointFilter@208205ed, org.springframework.security.oauth2.server.authorization.web.OAuth2DeviceVerificationEndpointFilter@162c1dfb, org.springframework.security.oauth2.server.authorization.oidc.web.OidcProviderConfigurationEndpointFilter@64b70f41, org.springframework.security.oauth2.server.authorization.web.NimbusJwkSetEndpointFilter@7c40ffef, org.springframework.security.oauth2.server.authorization.web.OAuth2ClientAuthenticationFilter@70029d2d, org.springframework.security.oauth2.server.resource.web.authentication.BearerTokenAuthenticationFilter@66f5a02e, org.springframework.security.web.savedrequest.RequestCacheAwareFilter@4dadd690, org.springframework.security.web.servletapi.SecurityContextHolderAwareRequestFilter@707e4fe4, org.springframework.security.web.authentication.AnonymousAuthenticationFilter@33feda48, org.springframework.security.web.access.ExceptionTranslationFilter@43ecfeb5, org.springframework.security.web.access.intercept.AuthorizationFilter@8a6631b, org.springframework.security.oauth2.server.authorization.web.OAuth2TokenEndpointFilter@7fedb795, org.springframework.security.oauth2.server.authorization.web.OAuth2TokenIntrospectionEndpointFilter@750f64fe, org.springframework.security.oauth2.server.authorization.web.OAuth2TokenRevocationEndpointFilter@19fd43da, org.springframework.security.oauth2.server.authorization.web.OAuth2DeviceAuthorizationEndpointFilter@3bc69ce9, org.springframework.security.oauth2.server.authorization.oidc.web.OidcUserInfoEndpointFilter@43f03c23]
2024-05-04T20:53:55.328+02:00  INFO 766345 --- [mic-authorizationserver] [           main] o.s.s.web.DefaultSecurityFilterChain     : Will secure any request with [org.springframework.security.web.session.DisableEncodeUrlFilter@6002e944, org.springframework.security.web.context.request.async.WebAsyncManagerIntegrationFilter@588545ac, org.springframework.security.web.context.SecurityContextHolderFilter@575cabf0, org.springframework.security.web.header.HeaderWriterFilter@3663d0ba, org.springframework.web.filter.CorsFilter@2b08772d, org.springframework.security.web.authentication.logout.LogoutFilter@30bf26df, org.springframework.security.web.authentication.UsernamePasswordAuthenticationFilter@390037e7, org.springframework.security.web.authentication.ui.DefaultLoginPageGeneratingFilter@2da81754, org.springframework.security.web.authentication.ui.DefaultLogoutPageGeneratingFilter@78a8978a, org.springframework.security.web.savedrequest.RequestCacheAwareFilter@433d9680, org.springframework.security.web.servletapi.SecurityContextHolderAwareRequestFilter@566e142, org.springframework.security.web.authentication.AnonymousAuthenticationFilter@f171912, org.springframework.security.web.access.ExceptionTranslationFilter@384fda47, org.springframework.security.web.access.intercept.AuthorizationFilter@6f9e08d4]
2024-05-04T20:53:55.527+02:00  INFO 766345 --- [mic-authorizationserver] [           main] a.MicAuthorizationserverApplicationTests : Started MicAuthorizationserverApplicationTests in 1.572 seconds (process running for 2.161)
]]></system-out>
  </testcase>
</testsuite>